<?xml version="1.0" encoding="UTF-8"?>
<testsuite xmlns:xsi="http://www.w3.org/2001/XMLSchema-instance" xsi:noNamespaceSchemaLocation="https://maven.apache.org/surefire/maven-surefire-plugin/xsd/surefire-test-report-3.0.xsd" version="3.0" name="com.appzara.rest.controller.PriceControllerITest" time="10.628" tests="5" errors="0" skipped="0" failures="0">
  <properties>
    <property name="java.specification.version" value="17"/>
    <property name="sun.jnu.encoding" value="UTF-8"/>
    <property name="java.class.path" value="/Users/laurocorreia/Documents/GitHub/appzara/appzara/bootstrap/target/test-classes:/Users/laurocorreia/Documents/GitHub/appzara/appzara/bootstrap/target/classes:/Users/laurocorreia/Documents/GitHub/appzara/appzara/domain/target/classes:/Users/laurocorreia/Documents/GitHub/appzara/appzara/infraestructure/target/classes:/Users/laurocorreia/Documents/GitHub/appzara/appzara/application/target/classes:/Users/laurocorreia/Documents/GitHub/appzara/appzara/api-rest/target/classes:/Users/laurocorreia/.m2/repository/org/springframework/boot/spring-boot-starter-data-jpa/3.1.3/spring-boot-starter-data-jpa-3.1.3.jar:/Users/laurocorreia/.m2/repository/org/springframework/boot/spring-boot-starter-aop/3.1.3/spring-boot-starter-aop-3.1.3.jar:/Users/laurocorreia/.m2/repository/org/springframework/spring-aop/6.0.11/spring-aop-6.0.11.jar:/Users/laurocorreia/.m2/repository/org/aspectj/aspectjweaver/1.9.20/aspectjweaver-1.9.20.jar:/Users/laurocorreia/.m2/repository/org/springframework/boot/spring-boot-starter-jdbc/3.1.3/spring-boot-starter-jdbc-3.1.3.jar:/Users/laurocorreia/.m2/repository/com/zaxxer/HikariCP/5.0.1/HikariCP-5.0.1.jar:/Users/laurocorreia/.m2/repository/org/springframework/spring-jdbc/6.0.11/spring-jdbc-6.0.11.jar:/Users/laurocorreia/.m2/repository/org/hibernate/orm/hibernate-core/6.2.7.Final/hibernate-core-6.2.7.Final.jar:/Users/laurocorreia/.m2/repository/jakarta/persistence/jakarta.persistence-api/3.1.0/jakarta.persistence-api-3.1.0.jar:/Users/laurocorreia/.m2/repository/jakarta/transaction/jakarta.transaction-api/2.0.1/jakarta.transaction-api-2.0.1.jar:/Users/laurocorreia/.m2/repository/org/jboss/logging/jboss-logging/3.5.3.Final/jboss-logging-3.5.3.Final.jar:/Users/laurocorreia/.m2/repository/org/hibernate/common/hibernate-commons-annotations/6.0.6.Final/hibernate-commons-annotations-6.0.6.Final.jar:/Users/laurocorreia/.m2/repository/io/smallrye/jandex/3.0.5/jandex-3.0.5.jar:/Users/laurocorreia/.m2/repository/com/fasterxml/classmate/1.5.1/classmate-1.5.1.jar:/Users/laurocorreia/.m2/repository/net/bytebuddy/byte-buddy/1.14.6/byte-buddy-1.14.6.jar:/Users/laurocorreia/.m2/repository/org/glassfish/jaxb/jaxb-runtime/4.0.3/jaxb-runtime-4.0.3.jar:/Users/laurocorreia/.m2/repository/org/glassfish/jaxb/jaxb-core/4.0.3/jaxb-core-4.0.3.jar:/Users/laurocorreia/.m2/repository/org/eclipse/angus/angus-activation/2.0.1/angus-activation-2.0.1.jar:/Users/laurocorreia/.m2/repository/org/glassfish/jaxb/txw2/4.0.3/txw2-4.0.3.jar:/Users/laurocorreia/.m2/repository/com/sun/istack/istack-commons-runtime/4.1.2/istack-commons-runtime-4.1.2.jar:/Users/laurocorreia/.m2/repository/jakarta/inject/jakarta.inject-api/2.0.1/jakarta.inject-api-2.0.1.jar:/Users/laurocorreia/.m2/repository/org/antlr/antlr4-runtime/4.10.1/antlr4-runtime-4.10.1.jar:/Users/laurocorreia/.m2/repository/org/springframework/data/spring-data-jpa/3.1.3/spring-data-jpa-3.1.3.jar:/Users/laurocorreia/.m2/repository/org/springframework/data/spring-data-commons/3.1.3/spring-data-commons-3.1.3.jar:/Users/laurocorreia/.m2/repository/org/springframework/spring-orm/6.0.11/spring-orm-6.0.11.jar:/Users/laurocorreia/.m2/repository/org/springframework/spring-context/6.0.11/spring-context-6.0.11.jar:/Users/laurocorreia/.m2/repository/org/springframework/spring-tx/6.0.11/spring-tx-6.0.11.jar:/Users/laurocorreia/.m2/repository/org/springframework/spring-beans/6.0.11/spring-beans-6.0.11.jar:/Users/laurocorreia/.m2/repository/jakarta/annotation/jakarta.annotation-api/2.1.1/jakarta.annotation-api-2.1.1.jar:/Users/laurocorreia/.m2/repository/org/slf4j/slf4j-api/2.0.7/slf4j-api-2.0.7.jar:/Users/laurocorreia/.m2/repository/org/springframework/spring-aspects/6.0.11/spring-aspects-6.0.11.jar:/Users/laurocorreia/.m2/repository/org/springframework/boot/spring-boot-starter-web/3.1.3/spring-boot-starter-web-3.1.3.jar:/Users/laurocorreia/.m2/repository/org/springframework/boot/spring-boot-starter/3.1.3/spring-boot-starter-3.1.3.jar:/Users/laurocorreia/.m2/repository/org/springframework/boot/spring-boot-starter-logging/3.1.3/spring-boot-starter-logging-3.1.3.jar:/Users/laurocorreia/.m2/repository/ch/qos/logback/logback-classic/1.4.11/logback-classic-1.4.11.jar:/Users/laurocorreia/.m2/repository/ch/qos/logback/logback-core/1.4.11/logback-core-1.4.11.jar:/Users/laurocorreia/.m2/repository/org/apache/logging/log4j/log4j-to-slf4j/2.20.0/log4j-to-slf4j-2.20.0.jar:/Users/laurocorreia/.m2/repository/org/apache/logging/log4j/log4j-api/2.20.0/log4j-api-2.20.0.jar:/Users/laurocorreia/.m2/repository/org/slf4j/jul-to-slf4j/2.0.7/jul-to-slf4j-2.0.7.jar:/Users/laurocorreia/.m2/repository/org/yaml/snakeyaml/1.33/snakeyaml-1.33.jar:/Users/laurocorreia/.m2/repository/org/springframework/boot/spring-boot-starter-json/3.1.3/spring-boot-starter-json-3.1.3.jar:/Users/laurocorreia/.m2/repository/com/fasterxml/jackson/datatype/jackson-datatype-jdk8/2.15.2/jackson-datatype-jdk8-2.15.2.jar:/Users/laurocorreia/.m2/repository/com/fasterxml/jackson/module/jackson-module-parameter-names/2.15.2/jackson-module-parameter-names-2.15.2.jar:/Users/laurocorreia/.m2/repository/org/springframework/boot/spring-boot-starter-tomcat/3.1.3/spring-boot-starter-tomcat-3.1.3.jar:/Users/laurocorreia/.m2/repository/org/apache/tomcat/embed/tomcat-embed-core/10.1.12/tomcat-embed-core-10.1.12.jar:/Users/laurocorreia/.m2/repository/org/apache/tomcat/embed/tomcat-embed-websocket/10.1.12/tomcat-embed-websocket-10.1.12.jar:/Users/laurocorreia/.m2/repository/org/springframework/spring-web/6.0.11/spring-web-6.0.11.jar:/Users/laurocorreia/.m2/repository/io/micrometer/micrometer-observation/1.11.3/micrometer-observation-1.11.3.jar:/Users/laurocorreia/.m2/repository/io/micrometer/micrometer-commons/1.11.3/micrometer-commons-1.11.3.jar:/Users/laurocorreia/.m2/repository/org/springframework/spring-webmvc/6.0.11/spring-webmvc-6.0.11.jar:/Users/laurocorreia/.m2/repository/org/springframework/spring-expression/6.0.11/spring-expression-6.0.11.jar:/Users/laurocorreia/.m2/repository/org/springframework/boot/spring-boot-starter-validation/3.1.3/spring-boot-starter-validation-3.1.3.jar:/Users/laurocorreia/.m2/repository/org/apache/tomcat/embed/tomcat-embed-el/10.1.12/tomcat-embed-el-10.1.12.jar:/Users/laurocorreia/.m2/repository/org/hibernate/validator/hibernate-validator/8.0.1.Final/hibernate-validator-8.0.1.Final.jar:/Users/laurocorreia/.m2/repository/jakarta/validation/jakarta.validation-api/3.0.2/jakarta.validation-api-3.0.2.jar:/Users/laurocorreia/.m2/repository/com/fasterxml/jackson/datatype/jackson-datatype-jsr310/2.13.4/jackson-datatype-jsr310-2.13.4.jar:/Users/laurocorreia/.m2/repository/com/fasterxml/jackson/core/jackson-annotations/2.15.2/jackson-annotations-2.15.2.jar:/Users/laurocorreia/.m2/repository/com/fasterxml/jackson/core/jackson-core/2.15.2/jackson-core-2.15.2.jar:/Users/laurocorreia/.m2/repository/com/fasterxml/jackson/core/jackson-databind/2.15.2/jackson-databind-2.15.2.jar:/Users/laurocorreia/.m2/repository/org/springframework/boot/spring-boot-devtools/3.1.3/spring-boot-devtools-3.1.3.jar:/Users/laurocorreia/.m2/repository/org/springframework/boot/spring-boot/3.1.3/spring-boot-3.1.3.jar:/Users/laurocorreia/.m2/repository/org/springframework/boot/spring-boot-autoconfigure/3.1.3/spring-boot-autoconfigure-3.1.3.jar:/Users/laurocorreia/.m2/repository/com/h2database/h2/2.1.214/h2-2.1.214.jar:/Users/laurocorreia/.m2/repository/org/projectlombok/lombok/1.18.28/lombok-1.18.28.jar:/Users/laurocorreia/.m2/repository/org/springframework/boot/spring-boot-starter-test/3.1.3/spring-boot-starter-test-3.1.3.jar:/Users/laurocorreia/.m2/repository/org/springframework/boot/spring-boot-test/3.1.3/spring-boot-test-3.1.3.jar:/Users/laurocorreia/.m2/repository/org/springframework/boot/spring-boot-test-autoconfigure/3.1.3/spring-boot-test-autoconfigure-3.1.3.jar:/Users/laurocorreia/.m2/repository/com/jayway/jsonpath/json-path/2.8.0/json-path-2.8.0.jar:/Users/laurocorreia/.m2/repository/jakarta/xml/bind/jakarta.xml.bind-api/4.0.0/jakarta.xml.bind-api-4.0.0.jar:/Users/laurocorreia/.m2/repository/jakarta/activation/jakarta.activation-api/2.1.2/jakarta.activation-api-2.1.2.jar:/Users/laurocorreia/.m2/repository/net/minidev/json-smart/2.4.11/json-smart-2.4.11.jar:/Users/laurocorreia/.m2/repository/net/minidev/accessors-smart/2.4.11/accessors-smart-2.4.11.jar:/Users/laurocorreia/.m2/repository/org/ow2/asm/asm/9.3/asm-9.3.jar:/Users/laurocorreia/.m2/repository/org/assertj/assertj-core/3.24.2/assertj-core-3.24.2.jar:/Users/laurocorreia/.m2/repository/org/hamcrest/hamcrest/2.2/hamcrest-2.2.jar:/Users/laurocorreia/.m2/repository/org/junit/jupiter/junit-jupiter/5.9.3/junit-jupiter-5.9.3.jar:/Users/laurocorreia/.m2/repository/org/junit/jupiter/junit-jupiter-api/5.9.3/junit-jupiter-api-5.9.3.jar:/Users/laurocorreia/.m2/repository/org/opentest4j/opentest4j/1.2.0/opentest4j-1.2.0.jar:/Users/laurocorreia/.m2/repository/org/junit/platform/junit-platform-commons/1.9.3/junit-platform-commons-1.9.3.jar:/Users/laurocorreia/.m2/repository/org/apiguardian/apiguardian-api/1.1.2/apiguardian-api-1.1.2.jar:/Users/laurocorreia/.m2/repository/org/junit/jupiter/junit-jupiter-params/5.9.3/junit-jupiter-params-5.9.3.jar:/Users/laurocorreia/.m2/repository/org/junit/jupiter/junit-jupiter-engine/5.9.3/junit-jupiter-engine-5.9.3.jar:/Users/laurocorreia/.m2/repository/org/junit/platform/junit-platform-engine/1.9.3/junit-platform-engine-1.9.3.jar:/Users/laurocorreia/.m2/repository/org/mockito/mockito-core/5.3.1/mockito-core-5.3.1.jar:/Users/laurocorreia/.m2/repository/net/bytebuddy/byte-buddy-agent/1.14.6/byte-buddy-agent-1.14.6.jar:/Users/laurocorreia/.m2/repository/org/objenesis/objenesis/3.3/objenesis-3.3.jar:/Users/laurocorreia/.m2/repository/org/mockito/mockito-junit-jupiter/5.3.1/mockito-junit-jupiter-5.3.1.jar:/Users/laurocorreia/.m2/repository/org/skyscreamer/jsonassert/1.5.1/jsonassert-1.5.1.jar:/Users/laurocorreia/.m2/repository/com/vaadin/external/google/android-json/0.0.20131108.vaadin1/android-json-0.0.20131108.vaadin1.jar:/Users/laurocorreia/.m2/repository/org/springframework/spring-core/6.0.11/spring-core-6.0.11.jar:/Users/laurocorreia/.m2/repository/org/springframework/spring-jcl/6.0.11/spring-jcl-6.0.11.jar:/Users/laurocorreia/.m2/repository/org/springframework/spring-test/6.0.11/spring-test-6.0.11.jar:/Users/laurocorreia/.m2/repository/org/xmlunit/xmlunit-core/2.9.1/xmlunit-core-2.9.1.jar:"/>
    <property name="java.vm.vendor" value="Homebrew"/>
    <property name="sun.arch.data.model" value="64"/>
    <property name="java.vendor.url" value="https://github.com/Homebrew/homebrew-core/issues"/>
    <property name="user.timezone" value="Europe/Madrid"/>
    <property name="org.jboss.logging.provider" value="slf4j"/>
    <property name="os.name" value="Mac OS X"/>
    <property name="java.vm.specification.version" value="17"/>
    <property name="sun.java.launcher" value="SUN_STANDARD"/>
    <property name="user.country" value="ES"/>
    <property name="sun.boot.library.path" value="/usr/local/Cellar/openjdk@17/17.0.8/libexec/openjdk.jdk/Contents/Home/lib"/>
    <property name="sun.java.command" value="/Users/laurocorreia/Documents/GitHub/appzara/appzara/bootstrap/target/surefire/surefirebooter-20230907100028184_3.jar /Users/laurocorreia/Documents/GitHub/appzara/appzara/bootstrap/target/surefire 2023-09-07T10-00-27_840-jvmRun1 surefire-20230907100028184_1tmp surefire_0-20230907100028184_2tmp"/>
    <property name="http.nonProxyHosts" value="local|*.local|169.254/16|*.169.254/16"/>
    <property name="jdk.debug" value="release"/>
    <property name="surefire.test.class.path" value="/Users/laurocorreia/Documents/GitHub/appzara/appzara/bootstrap/target/test-classes:/Users/laurocorreia/Documents/GitHub/appzara/appzara/bootstrap/target/classes:/Users/laurocorreia/Documents/GitHub/appzara/appzara/domain/target/classes:/Users/laurocorreia/Documents/GitHub/appzara/appzara/infraestructure/target/classes:/Users/laurocorreia/Documents/GitHub/appzara/appzara/application/target/classes:/Users/laurocorreia/Documents/GitHub/appzara/appzara/api-rest/target/classes:/Users/laurocorreia/.m2/repository/org/springframework/boot/spring-boot-starter-data-jpa/3.1.3/spring-boot-starter-data-jpa-3.1.3.jar:/Users/laurocorreia/.m2/repository/org/springframework/boot/spring-boot-starter-aop/3.1.3/spring-boot-starter-aop-3.1.3.jar:/Users/laurocorreia/.m2/repository/org/springframework/spring-aop/6.0.11/spring-aop-6.0.11.jar:/Users/laurocorreia/.m2/repository/org/aspectj/aspectjweaver/1.9.20/aspectjweaver-1.9.20.jar:/Users/laurocorreia/.m2/repository/org/springframework/boot/spring-boot-starter-jdbc/3.1.3/spring-boot-starter-jdbc-3.1.3.jar:/Users/laurocorreia/.m2/repository/com/zaxxer/HikariCP/5.0.1/HikariCP-5.0.1.jar:/Users/laurocorreia/.m2/repository/org/springframework/spring-jdbc/6.0.11/spring-jdbc-6.0.11.jar:/Users/laurocorreia/.m2/repository/org/hibernate/orm/hibernate-core/6.2.7.Final/hibernate-core-6.2.7.Final.jar:/Users/laurocorreia/.m2/repository/jakarta/persistence/jakarta.persistence-api/3.1.0/jakarta.persistence-api-3.1.0.jar:/Users/laurocorreia/.m2/repository/jakarta/transaction/jakarta.transaction-api/2.0.1/jakarta.transaction-api-2.0.1.jar:/Users/laurocorreia/.m2/repository/org/jboss/logging/jboss-logging/3.5.3.Final/jboss-logging-3.5.3.Final.jar:/Users/laurocorreia/.m2/repository/org/hibernate/common/hibernate-commons-annotations/6.0.6.Final/hibernate-commons-annotations-6.0.6.Final.jar:/Users/laurocorreia/.m2/repository/io/smallrye/jandex/3.0.5/jandex-3.0.5.jar:/Users/laurocorreia/.m2/repository/com/fasterxml/classmate/1.5.1/classmate-1.5.1.jar:/Users/laurocorreia/.m2/repository/net/bytebuddy/byte-buddy/1.14.6/byte-buddy-1.14.6.jar:/Users/laurocorreia/.m2/repository/org/glassfish/jaxb/jaxb-runtime/4.0.3/jaxb-runtime-4.0.3.jar:/Users/laurocorreia/.m2/repository/org/glassfish/jaxb/jaxb-core/4.0.3/jaxb-core-4.0.3.jar:/Users/laurocorreia/.m2/repository/org/eclipse/angus/angus-activation/2.0.1/angus-activation-2.0.1.jar:/Users/laurocorreia/.m2/repository/org/glassfish/jaxb/txw2/4.0.3/txw2-4.0.3.jar:/Users/laurocorreia/.m2/repository/com/sun/istack/istack-commons-runtime/4.1.2/istack-commons-runtime-4.1.2.jar:/Users/laurocorreia/.m2/repository/jakarta/inject/jakarta.inject-api/2.0.1/jakarta.inject-api-2.0.1.jar:/Users/laurocorreia/.m2/repository/org/antlr/antlr4-runtime/4.10.1/antlr4-runtime-4.10.1.jar:/Users/laurocorreia/.m2/repository/org/springframework/data/spring-data-jpa/3.1.3/spring-data-jpa-3.1.3.jar:/Users/laurocorreia/.m2/repository/org/springframework/data/spring-data-commons/3.1.3/spring-data-commons-3.1.3.jar:/Users/laurocorreia/.m2/repository/org/springframework/spring-orm/6.0.11/spring-orm-6.0.11.jar:/Users/laurocorreia/.m2/repository/org/springframework/spring-context/6.0.11/spring-context-6.0.11.jar:/Users/laurocorreia/.m2/repository/org/springframework/spring-tx/6.0.11/spring-tx-6.0.11.jar:/Users/laurocorreia/.m2/repository/org/springframework/spring-beans/6.0.11/spring-beans-6.0.11.jar:/Users/laurocorreia/.m2/repository/jakarta/annotation/jakarta.annotation-api/2.1.1/jakarta.annotation-api-2.1.1.jar:/Users/laurocorreia/.m2/repository/org/slf4j/slf4j-api/2.0.7/slf4j-api-2.0.7.jar:/Users/laurocorreia/.m2/repository/org/springframework/spring-aspects/6.0.11/spring-aspects-6.0.11.jar:/Users/laurocorreia/.m2/repository/org/springframework/boot/spring-boot-starter-web/3.1.3/spring-boot-starter-web-3.1.3.jar:/Users/laurocorreia/.m2/repository/org/springframework/boot/spring-boot-starter/3.1.3/spring-boot-starter-3.1.3.jar:/Users/laurocorreia/.m2/repository/org/springframework/boot/spring-boot-starter-logging/3.1.3/spring-boot-starter-logging-3.1.3.jar:/Users/laurocorreia/.m2/repository/ch/qos/logback/logback-classic/1.4.11/logback-classic-1.4.11.jar:/Users/laurocorreia/.m2/repository/ch/qos/logback/logback-core/1.4.11/logback-core-1.4.11.jar:/Users/laurocorreia/.m2/repository/org/apache/logging/log4j/log4j-to-slf4j/2.20.0/log4j-to-slf4j-2.20.0.jar:/Users/laurocorreia/.m2/repository/org/apache/logging/log4j/log4j-api/2.20.0/log4j-api-2.20.0.jar:/Users/laurocorreia/.m2/repository/org/slf4j/jul-to-slf4j/2.0.7/jul-to-slf4j-2.0.7.jar:/Users/laurocorreia/.m2/repository/org/yaml/snakeyaml/1.33/snakeyaml-1.33.jar:/Users/laurocorreia/.m2/repository/org/springframework/boot/spring-boot-starter-json/3.1.3/spring-boot-starter-json-3.1.3.jar:/Users/laurocorreia/.m2/repository/com/fasterxml/jackson/datatype/jackson-datatype-jdk8/2.15.2/jackson-datatype-jdk8-2.15.2.jar:/Users/laurocorreia/.m2/repository/com/fasterxml/jackson/module/jackson-module-parameter-names/2.15.2/jackson-module-parameter-names-2.15.2.jar:/Users/laurocorreia/.m2/repository/org/springframework/boot/spring-boot-starter-tomcat/3.1.3/spring-boot-starter-tomcat-3.1.3.jar:/Users/laurocorreia/.m2/repository/org/apache/tomcat/embed/tomcat-embed-core/10.1.12/tomcat-embed-core-10.1.12.jar:/Users/laurocorreia/.m2/repository/org/apache/tomcat/embed/tomcat-embed-websocket/10.1.12/tomcat-embed-websocket-10.1.12.jar:/Users/laurocorreia/.m2/repository/org/springframework/spring-web/6.0.11/spring-web-6.0.11.jar:/Users/laurocorreia/.m2/repository/io/micrometer/micrometer-observation/1.11.3/micrometer-observation-1.11.3.jar:/Users/laurocorreia/.m2/repository/io/micrometer/micrometer-commons/1.11.3/micrometer-commons-1.11.3.jar:/Users/laurocorreia/.m2/repository/org/springframework/spring-webmvc/6.0.11/spring-webmvc-6.0.11.jar:/Users/laurocorreia/.m2/repository/org/springframework/spring-expression/6.0.11/spring-expression-6.0.11.jar:/Users/laurocorreia/.m2/repository/org/springframework/boot/spring-boot-starter-validation/3.1.3/spring-boot-starter-validation-3.1.3.jar:/Users/laurocorreia/.m2/repository/org/apache/tomcat/embed/tomcat-embed-el/10.1.12/tomcat-embed-el-10.1.12.jar:/Users/laurocorreia/.m2/repository/org/hibernate/validator/hibernate-validator/8.0.1.Final/hibernate-validator-8.0.1.Final.jar:/Users/laurocorreia/.m2/repository/jakarta/validation/jakarta.validation-api/3.0.2/jakarta.validation-api-3.0.2.jar:/Users/laurocorreia/.m2/repository/com/fasterxml/jackson/datatype/jackson-datatype-jsr310/2.13.4/jackson-datatype-jsr310-2.13.4.jar:/Users/laurocorreia/.m2/repository/com/fasterxml/jackson/core/jackson-annotations/2.15.2/jackson-annotations-2.15.2.jar:/Users/laurocorreia/.m2/repository/com/fasterxml/jackson/core/jackson-core/2.15.2/jackson-core-2.15.2.jar:/Users/laurocorreia/.m2/repository/com/fasterxml/jackson/core/jackson-databind/2.15.2/jackson-databind-2.15.2.jar:/Users/laurocorreia/.m2/repository/org/springframework/boot/spring-boot-devtools/3.1.3/spring-boot-devtools-3.1.3.jar:/Users/laurocorreia/.m2/repository/org/springframework/boot/spring-boot/3.1.3/spring-boot-3.1.3.jar:/Users/laurocorreia/.m2/repository/org/springframework/boot/spring-boot-autoconfigure/3.1.3/spring-boot-autoconfigure-3.1.3.jar:/Users/laurocorreia/.m2/repository/com/h2database/h2/2.1.214/h2-2.1.214.jar:/Users/laurocorreia/.m2/repository/org/projectlombok/lombok/1.18.28/lombok-1.18.28.jar:/Users/laurocorreia/.m2/repository/org/springframework/boot/spring-boot-starter-test/3.1.3/spring-boot-starter-test-3.1.3.jar:/Users/laurocorreia/.m2/repository/org/springframework/boot/spring-boot-test/3.1.3/spring-boot-test-3.1.3.jar:/Users/laurocorreia/.m2/repository/org/springframework/boot/spring-boot-test-autoconfigure/3.1.3/spring-boot-test-autoconfigure-3.1.3.jar:/Users/laurocorreia/.m2/repository/com/jayway/jsonpath/json-path/2.8.0/json-path-2.8.0.jar:/Users/laurocorreia/.m2/repository/jakarta/xml/bind/jakarta.xml.bind-api/4.0.0/jakarta.xml.bind-api-4.0.0.jar:/Users/laurocorreia/.m2/repository/jakarta/activation/jakarta.activation-api/2.1.2/jakarta.activation-api-2.1.2.jar:/Users/laurocorreia/.m2/repository/net/minidev/json-smart/2.4.11/json-smart-2.4.11.jar:/Users/laurocorreia/.m2/repository/net/minidev/accessors-smart/2.4.11/accessors-smart-2.4.11.jar:/Users/laurocorreia/.m2/repository/org/ow2/asm/asm/9.3/asm-9.3.jar:/Users/laurocorreia/.m2/repository/org/assertj/assertj-core/3.24.2/assertj-core-3.24.2.jar:/Users/laurocorreia/.m2/repository/org/hamcrest/hamcrest/2.2/hamcrest-2.2.jar:/Users/laurocorreia/.m2/repository/org/junit/jupiter/junit-jupiter/5.9.3/junit-jupiter-5.9.3.jar:/Users/laurocorreia/.m2/repository/org/junit/jupiter/junit-jupiter-api/5.9.3/junit-jupiter-api-5.9.3.jar:/Users/laurocorreia/.m2/repository/org/opentest4j/opentest4j/1.2.0/opentest4j-1.2.0.jar:/Users/laurocorreia/.m2/repository/org/junit/platform/junit-platform-commons/1.9.3/junit-platform-commons-1.9.3.jar:/Users/laurocorreia/.m2/repository/org/apiguardian/apiguardian-api/1.1.2/apiguardian-api-1.1.2.jar:/Users/laurocorreia/.m2/repository/org/junit/jupiter/junit-jupiter-params/5.9.3/junit-jupiter-params-5.9.3.jar:/Users/laurocorreia/.m2/repository/org/junit/jupiter/junit-jupiter-engine/5.9.3/junit-jupiter-engine-5.9.3.jar:/Users/laurocorreia/.m2/repository/org/junit/platform/junit-platform-engine/1.9.3/junit-platform-engine-1.9.3.jar:/Users/laurocorreia/.m2/repository/org/mockito/mockito-core/5.3.1/mockito-core-5.3.1.jar:/Users/laurocorreia/.m2/repository/net/bytebuddy/byte-buddy-agent/1.14.6/byte-buddy-agent-1.14.6.jar:/Users/laurocorreia/.m2/repository/org/objenesis/objenesis/3.3/objenesis-3.3.jar:/Users/laurocorreia/.m2/repository/org/mockito/mockito-junit-jupiter/5.3.1/mockito-junit-jupiter-5.3.1.jar:/Users/laurocorreia/.m2/repository/org/skyscreamer/jsonassert/1.5.1/jsonassert-1.5.1.jar:/Users/laurocorreia/.m2/repository/com/vaadin/external/google/android-json/0.0.20131108.vaadin1/android-json-0.0.20131108.vaadin1.jar:/Users/laurocorreia/.m2/repository/org/springframework/spring-core/6.0.11/spring-core-6.0.11.jar:/Users/laurocorreia/.m2/repository/org/springframework/spring-jcl/6.0.11/spring-jcl-6.0.11.jar:/Users/laurocorreia/.m2/repository/org/springframework/spring-test/6.0.11/spring-test-6.0.11.jar:/Users/laurocorreia/.m2/repository/org/xmlunit/xmlunit-core/2.9.1/xmlunit-core-2.9.1.jar:"/>
    <property name="sun.cpu.endian" value="little"/>
    <property name="user.home" value="/Users/laurocorreia"/>
    <property name="user.language" value="es"/>
    <property name="java.specification.vendor" value="Oracle Corporation"/>
    <property name="java.version.date" value="2023-07-18"/>
    <property name="java.home" value="/usr/local/Cellar/openjdk@17/17.0.8/libexec/openjdk.jdk/Contents/Home"/>
    <property name="file.separator" value="/"/>
    <property name="basedir" value="/Users/laurocorreia/Documents/GitHub/appzara/appzara/bootstrap"/>
    <property name="java.vm.compressedOopsMode" value="Zero based"/>
    <property name="line.separator" value="&#10;"/>
    <property name="java.vm.specification.vendor" value="Oracle Corporation"/>
    <property name="java.specification.name" value="Java Platform API Specification"/>
    <property name="FILE_LOG_CHARSET" value="UTF-8"/>
    <property name="java.awt.headless" value="true"/>
    <property name="surefire.real.class.path" value="/Users/laurocorreia/Documents/GitHub/appzara/appzara/bootstrap/target/surefire/surefirebooter-20230907100028184_3.jar"/>
    <property name="sun.management.compiler" value="HotSpot 64-Bit Tiered Compilers"/>
    <property name="ftp.nonProxyHosts" value="local|*.local|169.254/16|*.169.254/16"/>
    <property name="java.runtime.version" value="17.0.8+0"/>
    <property name="user.name" value="laurocorreia"/>
    <property name="path.separator" value=":"/>
    <property name="os.version" value="13.5.1"/>
    <property name="java.runtime.name" value="OpenJDK Runtime Environment"/>
    <property name="file.encoding" value="UTF-8"/>
    <property name="java.vm.name" value="OpenJDK 64-Bit Server VM"/>
    <property name="java.vendor.version" value="Homebrew"/>
    <property name="localRepository" value="/Users/laurocorreia/.m2/repository"/>
    <property name="java.vendor.url.bug" value="https://github.com/Homebrew/homebrew-core/issues"/>
    <property name="java.io.tmpdir" value="/var/folders/65/yd73hltj4_lc72d20ppndnsm0000gn/T/"/>
    <property name="com.zaxxer.hikari.pool_number" value="1"/>
    <property name="java.version" value="17.0.8"/>
    <property name="user.dir" value="/Users/laurocorreia/Documents/GitHub/appzara/appzara/bootstrap"/>
    <property name="os.arch" value="x86_64"/>
    <property name="java.vm.specification.name" value="Java Virtual Machine Specification"/>
    <property name="PID" value="23907"/>
    <property name="CONSOLE_LOG_CHARSET" value="UTF-8"/>
    <property name="native.encoding" value="UTF-8"/>
    <property name="java.library.path" value="/Users/laurocorreia/Library/Java/Extensions:/Library/Java/Extensions:/Network/Library/Java/Extensions:/System/Library/Java/Extensions:/usr/lib/java:."/>
    <property name="java.vm.info" value="mixed mode, sharing"/>
    <property name="java.vendor" value="Homebrew"/>
    <property name="java.vm.version" value="17.0.8+0"/>
    <property name="sun.io.unicode.encoding" value="UnicodeBig"/>
    <property name="socksNonProxyHosts" value="local|*.local|169.254/16|*.169.254/16"/>
    <property name="java.class.version" value="61.0"/>
  </properties>
  <testcase name="should_return_price_list_case_1_test" classname="com.appzara.rest.controller.PriceControllerITest" time="1.232">
    <system-out><![CDATA[
  .   ____          _            __ _ _
 /\\ / ___'_ __ _ _(_)_ __  __ _ \ \ \ \
( ( )\___ | '_ | '_| | '_ \/ _` | \ \ \ \
 \\/  ___)| |_)| | | | | || (_| |  ) ) ) )
  '  |____| .__|_| |_|_| |_\__, | / / / /
 =========|_|==============|___/=/_/_/_/
 :: Spring Boot ::                (v3.1.3)

2023-09-07T10:00:31.772+02:00  INFO 23907 --- [           main] c.a.r.controller.PriceControllerITest    : Starting PriceControllerITest using Java 17.0.8 with PID 23907 (started by laurocorreia in /Users/laurocorreia/Documents/GitHub/appzara/appzara/bootstrap)
2023-09-07T10:00:31.777+02:00  INFO 23907 --- [           main] c.a.r.controller.PriceControllerITest    : The following 1 profile is active: "test"
2023-09-07T10:00:32.974+02:00  INFO 23907 --- [           main] .s.d.r.c.RepositoryConfigurationDelegate : Bootstrapping Spring Data JPA repositories in DEFAULT mode.
2023-09-07T10:00:33.074+02:00  INFO 23907 --- [           main] .s.d.r.c.RepositoryConfigurationDelegate : Finished Spring Data repository scanning in 84 ms. Found 1 JPA repository interfaces.
2023-09-07T10:00:33.749+02:00  INFO 23907 --- [           main] o.hibernate.jpa.internal.util.LogHelper  : HHH000204: Processing PersistenceUnitInfo [name: default]
2023-09-07T10:00:33.895+02:00  INFO 23907 --- [           main] org.hibernate.Version                    : HHH000412: Hibernate ORM core version 6.2.7.Final
2023-09-07T10:00:33.899+02:00  INFO 23907 --- [           main] org.hibernate.cfg.Environment            : HHH000406: Using bytecode reflection optimizer
2023-09-07T10:00:34.222+02:00  INFO 23907 --- [           main] o.h.b.i.BytecodeProviderInitiator        : HHH000021: Bytecode provider name : bytebuddy
2023-09-07T10:00:34.499+02:00  INFO 23907 --- [           main] o.s.o.j.p.SpringPersistenceUnitInfo      : No LoadTimeWeaver setup: ignoring JPA class transformer
2023-09-07T10:00:34.542+02:00  INFO 23907 --- [           main] com.zaxxer.hikari.HikariDataSource       : HikariPool-1 - Starting...
2023-09-07T10:00:35.122+02:00  INFO 23907 --- [           main] com.zaxxer.hikari.pool.HikariPool        : HikariPool-1 - Added connection conn0: url=jdbc:h2:mem:appzara-test user=TEST
2023-09-07T10:00:35.126+02:00  INFO 23907 --- [           main] com.zaxxer.hikari.HikariDataSource       : HikariPool-1 - Start completed.
2023-09-07T10:00:35.595+02:00  INFO 23907 --- [           main] o.h.b.i.BytecodeProviderInitiator        : HHH000021: Bytecode provider name : bytebuddy
2023-09-07T10:00:36.720+02:00  INFO 23907 --- [           main] o.h.e.t.j.p.i.JtaPlatformInitiator       : HHH000490: Using JtaPlatform implementation: [org.hibernate.engine.transaction.jta.platform.internal.NoJtaPlatform]
Hibernate: 
    drop table if exists price cascade 
Hibernate: 
    create table price (
        amount numeric(12,2) not null,
        brand_id integer not null,
        priority integer not null,
        rate integer not null,
        end_date timestamp(6) not null,
        id bigint generated by default as identity,
        start_date timestamp(6) not null,
        currency varchar(255) not null,
        product_id varchar(255) not null,
        primary key (id)
    )
2023-09-07T10:00:36.790+02:00  INFO 23907 --- [           main] j.LocalContainerEntityManagerFactoryBean : Initialized JPA EntityManagerFactory for persistence unit 'default'
2023-09-07T10:00:37.224+02:00  INFO 23907 --- [           main] o.s.d.j.r.query.QueryEnhancerFactory     : Hibernate is in classpath; If applicable, HQL parser will be used.
2023-09-07T10:00:38.278+02:00  WARN 23907 --- [           main] JpaBaseConfiguration$JpaWebConfiguration : spring.jpa.open-in-view is enabled by default. Therefore, database queries may be performed during view rendering. Explicitly configure spring.jpa.open-in-view to disable this warning
2023-09-07T10:00:38.778+02:00  INFO 23907 --- [           main] o.s.b.a.h2.H2ConsoleAutoConfiguration    : H2 console available at '/h2-console'. Database available at 'jdbc:h2:mem:appzara-test'
2023-09-07T10:00:38.877+02:00  INFO 23907 --- [           main] o.s.b.t.m.w.SpringBootMockServletContext : Initializing Spring TestDispatcherServlet ''
2023-09-07T10:00:38.878+02:00  INFO 23907 --- [           main] o.s.t.web.servlet.TestDispatcherServlet  : Initializing Servlet ''
2023-09-07T10:00:38.880+02:00  INFO 23907 --- [           main] o.s.t.web.servlet.TestDispatcherServlet  : Completed initialization in 1 ms
2023-09-07T10:00:38.910+02:00  INFO 23907 --- [           main] c.a.r.controller.PriceControllerITest    : Started PriceControllerITest in 7.874 seconds (process running for 10.617)
2023-09-07T10:00:39.724+02:00  INFO 23907 --- [           main] com.appzara.controller.PriceController   : PriceController - method getPrice received request with parameters startDate: 2020-06-14-10.00.00 - productId: 35455 - brandId: 1
2023-09-07T10:00:39.724+02:00  INFO 23907 --- [           main] com.appzara.usecase.PriceUseCase         : PriceUseCase - method getPrice parameters - date: 2020-06-14-10.00.00, productId: 35455, brandId: 1
2023-09-07T10:00:39.735+02:00  INFO 23907 --- [           main] com.appzara.service.PriceServiceImpl     : PriceServiceImpl - query to priceRepository with parameters - startDate: 2020-06-14T10:00, productId: 35455, brandId: 1
Hibernate: 
    select
        p1_0.id,
        p1_0.amount,
        p1_0.brand_id,
        p1_0.currency,
        p1_0.end_date,
        p1_0.priority,
        p1_0.product_id,
        p1_0.rate,
        p1_0.start_date 
    from
        price p1_0 
    where
        p1_0.start_date<? 
        or p1_0.end_date>? 
        and p1_0.product_id=? 
        and p1_0.brand_id=? 
    order by
        p1_0.amount

MockHttpServletRequest:
      HTTP Method = GET
      Request URI = /price/startDate/2020-06-14-10.00.00/productId/35455/brandId/1
       Parameters = {}
          Headers = [Content-Type:"application/json;charset=UTF-8"]
             Body = null
    Session Attrs = {}

Handler:
             Type = com.appzara.controller.PriceController
           Method = com.appzara.controller.PriceController#getPrice(String, String, String)

Async:
    Async started = false
     Async result = null

Resolved Exception:
             Type = null

ModelAndView:
        View name = null
             View = null
            Model = null

FlashMap:
       Attributes = null

MockHttpServletResponse:
           Status = 302
    Error message = null
          Headers = [Content-Type:"application/json"]
     Content type = application/json
             Body = [{"brandId":1,"productId":"35455","priority":1,"rate":2,"startDate":"2020-06-14T15:00:00","endDate":"2020-06-14T18:30:00","amount":25.45},{"brandId":1,"productId":"35455","priority":1,"rate":3,"startDate":"2020-06-15T00:00:00","endDate":"2020-06-15T11:00:00","amount":30.50},{"brandId":1,"productId":"35455","priority":1,"rate":4,"startDate":"2020-06-15T16:00:00","endDate":"2020-12-31T23:59:59","amount":38.95}]
    Forwarded URL = null
   Redirected URL = null
          Cookies = []
]]></system-out>
  </testcase>
  <testcase name="should_return_price_list_case_2_test" classname="com.appzara.rest.controller.PriceControllerITest" time="0.02">
    <system-out><![CDATA[2023-09-07T10:00:40.176+02:00  INFO 23907 --- [           main] com.appzara.controller.PriceController   : PriceController - method getPrice received request with parameters startDate: 2020-06-14-16.00.00 - productId: 35455 - brandId: 1
2023-09-07T10:00:40.177+02:00  INFO 23907 --- [           main] com.appzara.usecase.PriceUseCase         : PriceUseCase - method getPrice parameters - date: 2020-06-14-16.00.00, productId: 35455, brandId: 1
2023-09-07T10:00:40.178+02:00  INFO 23907 --- [           main] com.appzara.service.PriceServiceImpl     : PriceServiceImpl - query to priceRepository with parameters - startDate: 2020-06-14T16:00, productId: 35455, brandId: 1
Hibernate: 
    select
        p1_0.id,
        p1_0.amount,
        p1_0.brand_id,
        p1_0.currency,
        p1_0.end_date,
        p1_0.priority,
        p1_0.product_id,
        p1_0.rate,
        p1_0.start_date 
    from
        price p1_0 
    where
        p1_0.start_date<? 
        or p1_0.end_date>? 
        and p1_0.product_id=? 
        and p1_0.brand_id=? 
    order by
        p1_0.amount

MockHttpServletRequest:
      HTTP Method = GET
      Request URI = /price/startDate/2020-06-14-16.00.00/productId/35455/brandId/1
       Parameters = {}
          Headers = [Content-Type:"application/json;charset=UTF-8"]
             Body = null
    Session Attrs = {}

Handler:
             Type = com.appzara.controller.PriceController
           Method = com.appzara.controller.PriceController#getPrice(String, String, String)

Async:
    Async started = false
     Async result = null

Resolved Exception:
             Type = null

ModelAndView:
        View name = null
             View = null
            Model = null

FlashMap:
       Attributes = null

MockHttpServletResponse:
           Status = 302
    Error message = null
          Headers = [Content-Type:"application/json"]
     Content type = application/json
             Body = [{"brandId":1,"productId":"35455","priority":1,"rate":2,"startDate":"2020-06-14T15:00:00","endDate":"2020-06-14T18:30:00","amount":25.45},{"brandId":1,"productId":"35455","priority":1,"rate":3,"startDate":"2020-06-15T00:00:00","endDate":"2020-06-15T11:00:00","amount":30.50},{"brandId":1,"productId":"35455","priority":1,"rate":4,"startDate":"2020-06-15T16:00:00","endDate":"2020-12-31T23:59:59","amount":38.95}]
    Forwarded URL = null
   Redirected URL = null
          Cookies = []
]]></system-out>
  </testcase>
  <testcase name="should_return_price_list_case_3_test" classname="com.appzara.rest.controller.PriceControllerITest" time="0.017">
    <system-out><![CDATA[2023-09-07T10:00:40.199+02:00  INFO 23907 --- [           main] com.appzara.controller.PriceController   : PriceController - method getPrice received request with parameters startDate: 2020-06-14-21.00.00 - productId: 35455 - brandId: 1
2023-09-07T10:00:40.199+02:00  INFO 23907 --- [           main] com.appzara.usecase.PriceUseCase         : PriceUseCase - method getPrice parameters - date: 2020-06-14-21.00.00, productId: 35455, brandId: 1
2023-09-07T10:00:40.200+02:00  INFO 23907 --- [           main] com.appzara.service.PriceServiceImpl     : PriceServiceImpl - query to priceRepository with parameters - startDate: 2020-06-14T21:00, productId: 35455, brandId: 1
Hibernate: 
    select
        p1_0.id,
        p1_0.amount,
        p1_0.brand_id,
        p1_0.currency,
        p1_0.end_date,
        p1_0.priority,
        p1_0.product_id,
        p1_0.rate,
        p1_0.start_date 
    from
        price p1_0 
    where
        p1_0.start_date<? 
        or p1_0.end_date>? 
        and p1_0.product_id=? 
        and p1_0.brand_id=? 
    order by
        p1_0.amount

MockHttpServletRequest:
      HTTP Method = GET
      Request URI = /price/startDate/2020-06-14-21.00.00/productId/35455/brandId/1
       Parameters = {}
          Headers = [Content-Type:"application/json;charset=UTF-8"]
             Body = null
    Session Attrs = {}

Handler:
             Type = com.appzara.controller.PriceController
           Method = com.appzara.controller.PriceController#getPrice(String, String, String)

Async:
    Async started = false
     Async result = null

Resolved Exception:
             Type = null

ModelAndView:
        View name = null
             View = null
            Model = null

FlashMap:
       Attributes = null

MockHttpServletResponse:
           Status = 302
    Error message = null
          Headers = [Content-Type:"application/json"]
     Content type = application/json
             Body = [{"brandId":1,"productId":"35455","priority":1,"rate":2,"startDate":"2020-06-14T15:00:00","endDate":"2020-06-14T18:30:00","amount":25.45},{"brandId":1,"productId":"35455","priority":1,"rate":3,"startDate":"2020-06-15T00:00:00","endDate":"2020-06-15T11:00:00","amount":30.50},{"brandId":1,"productId":"35455","priority":1,"rate":4,"startDate":"2020-06-15T16:00:00","endDate":"2020-12-31T23:59:59","amount":38.95}]
    Forwarded URL = null
   Redirected URL = null
          Cookies = []
]]></system-out>
  </testcase>
  <testcase name="should_return_price_list_case_4_test" classname="com.appzara.rest.controller.PriceControllerITest" time="0.02">
    <system-out><![CDATA[2023-09-07T10:00:40.217+02:00  INFO 23907 --- [           main] com.appzara.controller.PriceController   : PriceController - method getPrice received request with parameters startDate: 2020-06-15-10.00.00 - productId: 35455 - brandId: 1
2023-09-07T10:00:40.218+02:00  INFO 23907 --- [           main] com.appzara.usecase.PriceUseCase         : PriceUseCase - method getPrice parameters - date: 2020-06-15-10.00.00, productId: 35455, brandId: 1
2023-09-07T10:00:40.219+02:00  INFO 23907 --- [           main] com.appzara.service.PriceServiceImpl     : PriceServiceImpl - query to priceRepository with parameters - startDate: 2020-06-15T10:00, productId: 35455, brandId: 1
Hibernate: 
    select
        p1_0.id,
        p1_0.amount,
        p1_0.brand_id,
        p1_0.currency,
        p1_0.end_date,
        p1_0.priority,
        p1_0.product_id,
        p1_0.rate,
        p1_0.start_date 
    from
        price p1_0 
    where
        p1_0.start_date<? 
        or p1_0.end_date>? 
        and p1_0.product_id=? 
        and p1_0.brand_id=? 
    order by
        p1_0.amount

MockHttpServletRequest:
      HTTP Method = GET
      Request URI = /price/startDate/2020-06-15-10.00.00/productId/35455/brandId/1
       Parameters = {}
          Headers = [Content-Type:"application/json;charset=UTF-8"]
             Body = null
    Session Attrs = {}

Handler:
             Type = com.appzara.controller.PriceController
           Method = com.appzara.controller.PriceController#getPrice(String, String, String)

Async:
    Async started = false
     Async result = null

Resolved Exception:
             Type = null

ModelAndView:
        View name = null
             View = null
            Model = null

FlashMap:
       Attributes = null

MockHttpServletResponse:
           Status = 302
    Error message = null
          Headers = [Content-Type:"application/json"]
     Content type = application/json
             Body = [{"brandId":1,"productId":"35455","priority":1,"rate":2,"startDate":"2020-06-14T15:00:00","endDate":"2020-06-14T18:30:00","amount":25.45},{"brandId":1,"productId":"35455","priority":1,"rate":3,"startDate":"2020-06-15T00:00:00","endDate":"2020-06-15T11:00:00","amount":30.50},{"brandId":1,"productId":"35455","priority":1,"rate":4,"startDate":"2020-06-15T16:00:00","endDate":"2020-12-31T23:59:59","amount":38.95}]
    Forwarded URL = null
   Redirected URL = null
          Cookies = []
]]></system-out>
  </testcase>
  <testcase name="should_return_price_list_case_5_test" classname="com.appzara.rest.controller.PriceControllerITest" time="0.017">
    <system-out><![CDATA[2023-09-07T10:00:40.240+02:00  INFO 23907 --- [           main] com.appzara.controller.PriceController   : PriceController - method getPrice received request with parameters startDate: 2020-06-16-21.00.00 - productId: 35455 - brandId: 1
2023-09-07T10:00:40.241+02:00  INFO 23907 --- [           main] com.appzara.usecase.PriceUseCase         : PriceUseCase - method getPrice parameters - date: 2020-06-16-21.00.00, productId: 35455, brandId: 1
2023-09-07T10:00:40.242+02:00  INFO 23907 --- [           main] com.appzara.service.PriceServiceImpl     : PriceServiceImpl - query to priceRepository with parameters - startDate: 2020-06-16T21:00, productId: 35455, brandId: 1
Hibernate: 
    select
        p1_0.id,
        p1_0.amount,
        p1_0.brand_id,
        p1_0.currency,
        p1_0.end_date,
        p1_0.priority,
        p1_0.product_id,
        p1_0.rate,
        p1_0.start_date 
    from
        price p1_0 
    where
        p1_0.start_date<? 
        or p1_0.end_date>? 
        and p1_0.product_id=? 
        and p1_0.brand_id=? 
    order by
        p1_0.amount

MockHttpServletRequest:
      HTTP Method = GET
      Request URI = /price/startDate/2020-06-16-21.00.00/productId/35455/brandId/1
       Parameters = {}
          Headers = [Content-Type:"application/json;charset=UTF-8"]
             Body = null
    Session Attrs = {}

Handler:
             Type = com.appzara.controller.PriceController
           Method = com.appzara.controller.PriceController#getPrice(String, String, String)

Async:
    Async started = false
     Async result = null

Resolved Exception:
             Type = null

ModelAndView:
        View name = null
             View = null
            Model = null

FlashMap:
       Attributes = null

MockHttpServletResponse:
           Status = 302
    Error message = null
          Headers = [Content-Type:"application/json"]
     Content type = application/json
             Body = [{"brandId":1,"productId":"35455","priority":1,"rate":2,"startDate":"2020-06-14T15:00:00","endDate":"2020-06-14T18:30:00","amount":25.45},{"brandId":1,"productId":"35455","priority":1,"rate":3,"startDate":"2020-06-15T00:00:00","endDate":"2020-06-15T11:00:00","amount":30.50},{"brandId":1,"productId":"35455","priority":1,"rate":4,"startDate":"2020-06-15T16:00:00","endDate":"2020-12-31T23:59:59","amount":38.95}]
    Forwarded URL = null
   Redirected URL = null
          Cookies = []
]]></system-out>
  </testcase>
</testsuite>